Arguments: 
  /usr/local/bin/node /usr/local/bin/yarn init

PATH: 
  /usr/local/bin:/usr/bin:/bin:/usr/sbin:/sbin

Yarn version: 
  0.21.3

Node version: 
  7.10.0

Platform: 
  darwin x64

npm manifest: 
  {
    "name": "SVG-with-React",
    "version": "0.0.1",
    "main": "index.js",
    "repository": "https://github.com/takahiro-saeki/SVG-with-React.git",
    "author": "takahiro-saeki <hiroooon69@gmail.com>",
    "license": "MIT"
  }

yarn manifest: 
  No manifest

Lockfile: 
  No lockfile

Trace: 
  Error: EACCES: permission denied, open '/Users/saekitakahiro/Library/Caches/Yarn/.roadrunner.json'
      at Object.fs.openSync (fs.js:584:18)
      at Object.fs.writeFileSync (fs.js:1314:33)
      at /usr/local/Cellar/yarn/0.21.3/libexec/lib/node_modules/yarn/node_modules/roadrunner/index.js:25:6
      at /usr/local/Cellar/yarn/0.21.3/libexec/lib/node_modules/yarn/node_modules/roadrunner/index.js:12:12
      at emitOne (events.js:101:20)
      at process.emit (events.js:191:7)
      at processEmit [as emit] (/usr/local/Cellar/yarn/0.21.3/libexec/lib/node_modules/yarn/node_modules/signal-exit/index.js:149:35)
      at process.exit (internal/process.js:162:15)
      at exit (/usr/local/Cellar/yarn/0.21.3/libexec/lib/node_modules/yarn/lib/cli/index.js:432:13)
